<?xml version="1.0" encoding="UTF-8"?>
<!-- Generated by org.testng.reporters.JUnitXMLReporter -->
<testsuite ignored="0" hostname="RAKESH" failures="0" tests="7" name="nopCommerce Functional Tests" time="34.153" errors="0" timestamp="2025-09-07T18:00:31 IST">
  <testcase classname="tests.CategoryAndCheckoutTest" name="@AfterClass tearDown" time="4.312">
    <failure type="org.openqa.selenium.NoSuchElementException" message="Cannot locate option with text: Karnataka
For documentation on this error, please visit: https://www.selenium.dev/documentation/webdriver/troubleshooting/errors#no-such-element-exception
Build info: version: &amp;apos;4.25.0&amp;apos;, revision: &amp;apos;8a8aea2337&amp;apos;
System info: os.name: &amp;apos;Windows 11&amp;apos;, os.arch: &amp;apos;amd64&amp;apos;, os.version: &amp;apos;10.0&amp;apos;, java.version: &amp;apos;24.0.2&amp;apos;
Driver info: driver.version: unknown">
      <![CDATA[org.openqa.selenium.NoSuchElementException: Cannot locate option with text: Karnataka
For documentation on this error, please visit: https://www.selenium.dev/documentation/webdriver/troubleshooting/errors#no-such-element-exception
Build info: version: '4.25.0', revision: '8a8aea2337'
System info: os.name: 'Windows 11', os.arch: 'amd64', os.version: '10.0', java.version: '24.0.2'
Driver info: driver.version: unknown
at org.openqa.selenium.support.ui.Select.selectByVisibleText(Select.java:153)
at tests.CategoryAndCheckoutTest.checkoutTwoProducts(CategoryAndCheckoutTest.java:257)
at tests.CategoryAndCheckoutTest.tearDown(CategoryAndCheckoutTest.java:32)
at java.base/java.util.ArrayList.forEach(ArrayList.java:1604)
... Removed 24 stack frames]]>
    </failure>
  </testcase> <!-- @AfterClass tearDown -->
  <testcase classname="tests.CategoryAndCheckoutTest" name="addComputerProduct" time="4.455"/>
  <testcase classname="tests.CategoryAndCheckoutTest" name="addElectronicsProduct" time="3.179"/>
  <testcase classname="tests.CategoryAndCheckoutTest" name="addApparelProduct" time="3.112"/>
  <testcase classname="tests.CategoryAndCheckoutTest" name="addDigitalDownloadProduct" time="2.3"/>
  <testcase classname="tests.CategoryAndCheckoutTest" name="addBooksProduct" time="2.235"/>
  <testcase classname="tests.CategoryAndCheckoutTest" name="addJewelryRentalProduct" time="2.86"/>
  <testcase classname="tests.CategoryAndCheckoutTest" name="addVirtualGiftCardProduct" time="3.055"/>
</testsuite> <!-- nopCommerce Functional Tests -->
